[0m2021.08.23 06:20:39 INFO  Started: Metals version 0.10.5 in workspace '/Users/k22/Develop/Rust/udemy-rust-begginer' for client Visual Studio Code 1.59.1.[0m
[0m2021.08.23 06:20:52 INFO  time: initialize in 12s[0m
[0m2021.08.23 06:20:55 WARN  Build server is not auto-connectable.[0m
[0m2021.08.23 06:20:55 WARN  no build tool detected in workspace '/Users/k22/Develop/Rust/udemy-rust-begginer'. The most common cause for this problem is that the editor was opened in the wrong working directory, for example if you use sbt then the workspace directory should contain build.sbt. [0m
[0m2021.08.23 20:52:43 INFO  shutting down Metals[0m
[0m2021.08.26 13:54:01 INFO  Started: Metals version 0.10.5 in workspace '/Users/k22/Develop/Rust/udemy-rust-begginer' for client Visual Studio Code 1.59.1.[0m
[0m2021.08.26 13:54:07 INFO  time: initialize in 6.01s[0m
[0m2021.08.26 13:54:08 WARN  Build server is not auto-connectable.[0m
[0m2021.08.26 13:54:08 WARN  no build tool detected in workspace '/Users/k22/Develop/Rust/udemy-rust-begginer'. The most common cause for this problem is that the editor was opened in the wrong working directory, for example if you use sbt then the workspace directory should contain build.sbt. [0m
Aug 26, 2021 7:58:27 PM org.eclipse.lsp4j.jsonrpc.services.GenericEndpoint notify
INFO: Unsupported notification method: $/setTrace
[0m2021.08.26 22:01:53 INFO  shutting down Metals[0m
[0m2021.08.27 06:21:45 INFO  Started: Metals version 0.10.5 in workspace '/Users/k22/Develop/Rust/udemy-rust-begginer' for client Visual Studio Code 1.59.1.[0m
[0m2021.08.27 06:21:50 INFO  time: initialize in 4.46s[0m
[0m2021.08.27 06:21:51 WARN  Build server is not auto-connectable.[0m
[0m2021.08.27 06:21:51 WARN  no build tool detected in workspace '/Users/k22/Develop/Rust/udemy-rust-begginer'. The most common cause for this problem is that the editor was opened in the wrong working directory, for example if you use sbt then the workspace directory should contain build.sbt. [0m
[0m2021.08.27 07:49:14 INFO  shutting down Metals[0m
[0m2021.08.27 10:07:25 INFO  Started: Metals version 0.10.5 in workspace '/Users/k22/Develop/Rust/udemy-rust-begginer' for client Visual Studio Code 1.59.1.[0m
[0m2021.08.27 10:07:29 INFO  time: initialize in 3.99s[0m
[0m2021.08.27 10:07:30 WARN  Build server is not auto-connectable.[0m
[0m2021.08.27 10:07:30 WARN  no build tool detected in workspace '/Users/k22/Develop/Rust/udemy-rust-begginer'. The most common cause for this problem is that the editor was opened in the wrong working directory, for example if you use sbt then the workspace directory should contain build.sbt. [0m
Aug 29, 2021 6:38:53 PM org.eclipse.lsp4j.jsonrpc.services.GenericEndpoint notify
INFO: Unsupported notification method: $/setTrace
[0m2021.08.29 22:54:25 INFO  shutting down Metals[0m
[0m2021.08.30 07:01:38 INFO  Started: Metals version 0.10.5 in workspace '/Users/k22/Develop/Rust/udemy-rust-begginer' for client Visual Studio Code 1.59.1.[0m
[0m2021.08.30 07:01:46 INFO  time: initialize in 7.64s[0m
[0m2021.08.30 07:01:47 WARN  Build server is not auto-connectable.[0m
[0m2021.08.30 07:01:47 WARN  no build tool detected in workspace '/Users/k22/Develop/Rust/udemy-rust-begginer'. The most common cause for this problem is that the editor was opened in the wrong working directory, for example if you use sbt then the workspace directory should contain build.sbt. [0m
[0m2021.08.30 12:36:14 INFO  shutting down Metals[0m
[0m2021.08.30 21:23:43 INFO  Started: Metals version 0.10.5 in workspace '/Users/k22/Develop/Rust/udemy-rust-begginer' for client Visual Studio Code 1.59.1.[0m
[0m2021.08.30 21:23:48 INFO  time: initialize in 5.03s[0m
[0m2021.08.30 21:23:49 WARN  Build server is not auto-connectable.[0m
[0m2021.08.30 21:23:49 WARN  no build tool detected in workspace '/Users/k22/Develop/Rust/udemy-rust-begginer'. The most common cause for this problem is that the editor was opened in the wrong working directory, for example if you use sbt then the workspace directory should contain build.sbt. [0m
Aug 31, 2021 4:20:59 PM org.eclipse.lsp4j.jsonrpc.services.GenericEndpoint notify
INFO: Unsupported notification method: $/setTrace
Aug 31, 2021 4:21:03 PM org.eclipse.lsp4j.jsonrpc.services.GenericEndpoint notify
INFO: Unsupported notification method: $/setTrace
[0m2021.08.31 16:21:46 INFO  shutting down Metals[0m
[0m2021.09.07 02:08:26 INFO  Started: Metals version 0.10.5 in workspace '/Users/k22/Develop/Rust/rust-coding-for-beginners' for client Visual Studio Code 1.60.0.[0m
[0m2021.09.07 02:08:35 INFO  time: initialize in 9.39s[0m
[0m2021.09.07 02:08:36 WARN  Build server is not auto-connectable.[0m
[0m2021.09.07 02:08:36 WARN  no build tool detected in workspace '/Users/k22/Develop/Rust/rust-coding-for-beginners'. The most common cause for this problem is that the editor was opened in the wrong working directory, for example if you use sbt then the workspace directory should contain build.sbt. [0m
[0m2021.09.07 03:49:25 INFO  shutting down Metals[0m
[0m2021.09.10 18:02:06 INFO  Started: Metals version 0.10.6 in workspace '/Users/k22/Develop/Rust/rust-coding-for-beginners' for client Visual Studio Code 1.60.0.[0m
[0m2021.09.10 18:02:12 INFO  time: initialize in 5.51s[0m
[0m2021.09.10 18:02:12 WARN  Build server is not auto-connectable.[0m
[0m2021.09.10 18:02:12 WARN  no build tool detected in workspace '/Users/k22/Develop/Rust/rust-coding-for-beginners'. The most common cause for this problem is that the editor was opened in the wrong working directory, for example if you use sbt then the workspace directory should contain build.sbt. [0m
[0m2021.09.10 20:21:19 INFO  shutting down Metals[0m
[0m2021.09.12 15:37:21 INFO  Started: Metals version 0.10.6 in workspace '/Users/k22/Develop/Rust/rust-coding-for-beginners' for client Visual Studio Code 1.60.0.[0m
[0m2021.09.12 15:37:24 INFO  time: initialize in 3.03s[0m
[0m2021.09.12 15:37:26 WARN  Build server is not auto-connectable.[0m
[0m2021.09.12 15:37:26 WARN  no build tool detected in workspace '/Users/k22/Develop/Rust/rust-coding-for-beginners'. The most common cause for this problem is that the editor was opened in the wrong working directory, for example if you use sbt then the workspace directory should contain build.sbt. [0m
[0m2021.09.12 16:05:14 INFO  shutting down Metals[0m
[0m2021.09.13 14:49:58 INFO  Started: Metals version 0.10.6 in workspace '/Users/k22/Develop/Rust/rust-coding-for-beginners' for client Visual Studio Code 1.60.0.[0m
[0m2021.09.13 14:50:01 INFO  time: initialize in 2.9s[0m
[0m2021.09.13 14:50:02 WARN  Build server is not auto-connectable.[0m
[0m2021.09.13 14:50:02 WARN  no build tool detected in workspace '/Users/k22/Develop/Rust/rust-coding-for-beginners'. The most common cause for this problem is that the editor was opened in the wrong working directory, for example if you use sbt then the workspace directory should contain build.sbt. [0m
Sep 13, 2021 3:28:36 PM org.eclipse.lsp4j.jsonrpc.services.GenericEndpoint notify
INFO: Unsupported notification method: $/setTrace
[0m2021.09.13 19:50:44 INFO  shutting down Metals[0m
[0m2021.09.14 10:49:46 INFO  Started: Metals version 0.10.6 in workspace '/Users/k22/Develop/Rust/rust-coding-for-beginners' for client Visual Studio Code 1.60.0.[0m
[0m2021.09.14 10:49:49 INFO  time: initialize in 3.03s[0m
[0m2021.09.14 10:49:50 WARN  Build server is not auto-connectable.[0m
[0m2021.09.14 10:49:50 WARN  no build tool detected in workspace '/Users/k22/Develop/Rust/rust-coding-for-beginners'. The most common cause for this problem is that the editor was opened in the wrong working directory, for example if you use sbt then the workspace directory should contain build.sbt. [0m
Sep 14, 2021 11:23:01 AM org.eclipse.lsp4j.jsonrpc.services.GenericEndpoint notify
INFO: Unsupported notification method: $/setTrace
Sep 14, 2021 1:56:18 PM org.eclipse.lsp4j.jsonrpc.services.GenericEndpoint notify
INFO: Unsupported notification method: $/setTrace
[0m2021.09.15 04:55:55 INFO  Started: Metals version 0.10.6 in workspace '/Users/k22/Develop/Rust/rust-coding-for-beginners' for client Visual Studio Code 1.60.0.[0m
[0m2021.09.15 04:56:15 INFO  time: initialize in 19s[0m
[0m2021.09.15 04:56:21 WARN  Build server is not auto-connectable.[0m
[0m2021.09.15 04:56:21 WARN  no build tool detected in workspace '/Users/k22/Develop/Rust/rust-coding-for-beginners'. The most common cause for this problem is that the editor was opened in the wrong working directory, for example if you use sbt then the workspace directory should contain build.sbt. [0m
[0m2021.09.15 06:41:56 INFO  shutting down Metals[0m
[0m2021.09.18 13:24:15 INFO  Started: Metals version 0.10.6 in workspace '/Users/k22/Develop/Rust/rust-coding-for-beginners' for client Visual Studio Code 1.60.1.[0m
[0m2021.09.18 13:24:27 INFO  time: initialize in 12s[0m
[0m2021.09.18 13:24:29 WARN  Build server is not auto-connectable.[0m
[0m2021.09.18 13:24:29 WARN  no build tool detected in workspace '/Users/k22/Develop/Rust/rust-coding-for-beginners'. The most common cause for this problem is that the editor was opened in the wrong working directory, for example if you use sbt then the workspace directory should contain build.sbt. [0m
[0m2021.09.18 21:51:21 INFO  shutting down Metals[0m
[0m2021.10.11 01:46:21 INFO  Started: Metals version 0.10.7 in workspace '/Users/k22/Develop/Rust/rust-coding-for-beginners' for client Visual Studio Code 1.60.2.[0m
[0m2021.10.11 01:46:29 INFO  time: initialize in 8.03s[0m
[0m2021.10.11 01:46:30 WARN  Build server is not auto-connectable.[0m
[0m2021.10.11 01:46:30 WARN  no build tool detected in workspace '/Users/k22/Develop/Rust/rust-coding-for-beginners'. The most common cause for this problem is that the editor was opened in the wrong working directory, for example if you use sbt then the workspace directory should contain build.sbt. [0m
Oct 11, 2021 1:51:29 AM org.eclipse.lsp4j.jsonrpc.services.GenericEndpoint notify
INFO: Unsupported notification method: $/setTrace
[0m2021.10.11 19:29:46 INFO  shutting down Metals[0m
[0m2021.10.11 22:47:33 INFO  Started: Metals version 0.10.7 in workspace '/Users/k22/Develop/Rust/rust-coding-for-beginners' for client Visual Studio Code 1.61.0.[0m
[0m2021.10.11 22:47:42 INFO  time: initialize in 8.74s[0m
[0m2021.10.11 22:47:43 WARN  Build server is not auto-connectable.[0m
[0m2021.10.11 22:47:43 WARN  no build tool detected in workspace '/Users/k22/Develop/Rust/rust-coding-for-beginners'. The most common cause for this problem is that the editor was opened in the wrong working directory, for example if you use sbt then the workspace directory should contain build.sbt. [0m
Oct 12, 2021 8:30:42 PM org.eclipse.lsp4j.jsonrpc.services.GenericEndpoint notify
INFO: Unsupported notification method: $/setTrace
[0m2021.10.12 20:33:47 INFO  shutting down Metals[0m
[0m2021.10.22 19:55:35 INFO  Started: Metals version 0.10.7 in workspace '/Users/k22/Develop/Rust/rust-coding-for-beginners' for client Visual Studio Code 1.61.2.[0m
[0m2021.10.22 19:55:41 INFO  time: initialize in 5.68s[0m
[0m2021.10.22 19:55:42 WARN  Build server is not auto-connectable.[0m
[0m2021.10.22 19:55:42 WARN  no build tool detected in workspace '/Users/k22/Develop/Rust/rust-coding-for-beginners'. The most common cause for this problem is that the editor was opened in the wrong working directory, for example if you use sbt then the workspace directory should contain build.sbt. [0m
Oct 23, 2021 7:50:53 PM org.eclipse.lsp4j.jsonrpc.services.GenericEndpoint notify
INFO: Unsupported notification method: $/setTrace
[0m2021.10.23 22:10:13 INFO  shutting down Metals[0m
[0m2021.10.24 07:03:13 INFO  Started: Metals version 0.10.7 in workspace '/Users/k22/Develop/Rust/rust-coding-for-beginners' for client Visual Studio Code 1.61.2.[0m
[0m2021.10.24 07:03:20 INFO  time: initialize in 7.08s[0m
[0m2021.10.24 07:03:21 WARN  Build server is not auto-connectable.[0m
[0m2021.10.24 07:03:21 WARN  no build tool detected in workspace '/Users/k22/Develop/Rust/rust-coding-for-beginners'. The most common cause for this problem is that the editor was opened in the wrong working directory, for example if you use sbt then the workspace directory should contain build.sbt. [0m
[0m2021.10.25 08:38:19 INFO  shutting down Metals[0m
[0m2021.10.25 12:12:08 INFO  Started: Metals version 0.10.7 in workspace '/Users/k22/Develop/Rust/rust-coding-for-beginners' for client Visual Studio Code 1.61.2.[0m
[0m2021.10.25 12:12:14 INFO  time: initialize in 5.58s[0m
[0m2021.10.25 12:12:14 WARN  Build server is not auto-connectable.[0m
[0m2021.10.25 12:12:14 WARN  no build tool detected in workspace '/Users/k22/Develop/Rust/rust-coding-for-beginners'. The most common cause for this problem is that the editor was opened in the wrong working directory, for example if you use sbt then the workspace directory should contain build.sbt. [0m
Oct 25, 2021 1:37:57 PM org.eclipse.lsp4j.jsonrpc.services.GenericEndpoint notify
INFO: Unsupported notification method: $/setTrace
[0m2021.10.25 15:01:20 INFO  shutting down Metals[0m
[0m2021.10.26 09:57:18 INFO  Started: Metals version 0.10.7 in workspace '/Users/k22/Develop/Rust/rust-coding-for-beginners' for client Visual Studio Code 1.61.2.[0m
[0m2021.10.26 09:57:24 INFO  time: initialize in 5.99s[0m
[0m2021.10.26 09:57:26 WARN  Build server is not auto-connectable.[0m
[0m2021.10.26 09:57:26 WARN  no build tool detected in workspace '/Users/k22/Develop/Rust/rust-coding-for-beginners'. The most common cause for this problem is that the editor was opened in the wrong working directory, for example if you use sbt then the workspace directory should contain build.sbt. [0m
[0m2021.10.26 10:28:19 INFO  shutting down Metals[0m
[0m2021.10.26 10:52:16 INFO  Started: Metals version 0.10.7 in workspace '/Users/k22/Develop/Rust/rust-coding-for-beginners' for client Visual Studio Code 1.61.2.[0m
[0m2021.10.26 10:52:21 INFO  time: initialize in 4.53s[0m
[0m2021.10.26 10:52:22 WARN  Build server is not auto-connectable.[0m
[0m2021.10.26 10:52:22 WARN  no build tool detected in workspace '/Users/k22/Develop/Rust/rust-coding-for-beginners'. The most common cause for this problem is that the editor was opened in the wrong working directory, for example if you use sbt then the workspace directory should contain build.sbt. [0m
[0m2021.10.27 09:23:30 INFO  shutting down Metals[0m
